{"/home/thefedeg/Dev/Teco/challenge_flow/src/services/location.js": {"path":"/home/thefedeg/Dev/Teco/challenge_flow/src/services/location.js","statementMap":{"0":{"start":{"line":1,"column":29},"end":{"line":1,"column":68}},"1":{"start":{"line":2,"column":30},"end":{"line":2,"column":70}},"2":{"start":{"line":3,"column":22},"end":{"line":3,"column":53}},"3":{"start":{"line":8,"column":4},"end":{"line":26,"column":5}},"4":{"start":{"line":9,"column":8},"end":{"line":19,"column":9}},"5":{"start":{"line":10,"column":29},"end":{"line":10,"column":51}},"6":{"start":{"line":11,"column":12},"end":{"line":16,"column":13}},"7":{"start":{"line":13,"column":16},"end":{"line":13,"column":167}},"8":{"start":{"line":15,"column":16},"end":{"line":15,"column":107}},"9":{"start":{"line":18,"column":12},"end":{"line":18,"column":88}},"10":{"start":{"line":21,"column":8},"end":{"line":21,"column":29}},"11":{"start":{"line":22,"column":8},"end":{"line":24,"column":9}},"12":{"start":{"line":23,"column":12},"end":{"line":23,"column":23}},"13":{"start":{"line":25,"column":8},"end":{"line":25,"column":102}},"14":{"start":{"line":30,"column":4},"end":{"line":50,"column":5}},"15":{"start":{"line":31,"column":8},"end":{"line":41,"column":9}},"16":{"start":{"line":33,"column":31},"end":{"line":33,"column":88}},"17":{"start":{"line":35,"column":29},"end":{"line":35,"column":58}},"18":{"start":{"line":37,"column":12},"end":{"line":37,"column":41}},"19":{"start":{"line":40,"column":12},"end":{"line":40,"column":92}},"20":{"start":{"line":44,"column":8},"end":{"line":44,"column":63}},"21":{"start":{"line":46,"column":8},"end":{"line":48,"column":9}},"22":{"start":{"line":47,"column":12},"end":{"line":47,"column":23}},"23":{"start":{"line":49,"column":8},"end":{"line":49,"column":104}},"24":{"start":{"line":54,"column":4},"end":{"line":77,"column":5}},"25":{"start":{"line":56,"column":8},"end":{"line":66,"column":9}},"26":{"start":{"line":58,"column":31},"end":{"line":58,"column":96}},"27":{"start":{"line":60,"column":29},"end":{"line":60,"column":58}},"28":{"start":{"line":62,"column":12},"end":{"line":62,"column":41}},"29":{"start":{"line":65,"column":12},"end":{"line":65,"column":91}},"30":{"start":{"line":70,"column":8},"end":{"line":70,"column":27}},"31":{"start":{"line":72,"column":8},"end":{"line":74,"column":9}},"32":{"start":{"line":73,"column":12},"end":{"line":73,"column":24}},"33":{"start":{"line":76,"column":8},"end":{"line":76,"column":88}}},"fnMap":{"0":{"name":"getLocationByIP","decl":{"start":{"line":7,"column":22},"end":{"line":7,"column":37}},"loc":{"start":{"line":7,"column":43},"end":{"line":27,"column":1}},"line":7},"1":{"name":"getCurrentWeather","decl":{"start":{"line":29,"column":22},"end":{"line":29,"column":39}},"loc":{"start":{"line":29,"column":47},"end":{"line":51,"column":1}},"line":29},"2":{"name":"get5daysForecast","decl":{"start":{"line":53,"column":22},"end":{"line":53,"column":38}},"loc":{"start":{"line":53,"column":46},"end":{"line":78,"column":1}},"line":53}},"branchMap":{"0":{"loc":{"start":{"line":9,"column":8},"end":{"line":19,"column":9}},"type":"if","locations":[{"start":{"line":9,"column":8},"end":{"line":19,"column":9}},{"start":{"line":17,"column":15},"end":{"line":19,"column":9}}],"line":9},"1":{"loc":{"start":{"line":11,"column":12},"end":{"line":16,"column":13}},"type":"if","locations":[{"start":{"line":11,"column":12},"end":{"line":16,"column":13}},{"start":{"line":14,"column":19},"end":{"line":16,"column":13}}],"line":11},"2":{"loc":{"start":{"line":11,"column":15},"end":{"line":11,"column":40}},"type":"binary-expr","locations":[{"start":{"line":11,"column":15},"end":{"line":11,"column":23}},{"start":{"line":11,"column":27},"end":{"line":11,"column":40}}],"line":11},"3":{"loc":{"start":{"line":22,"column":8},"end":{"line":24,"column":9}},"type":"if","locations":[{"start":{"line":22,"column":8},"end":{"line":24,"column":9}},{"start":{},"end":{}}],"line":22},"4":{"loc":{"start":{"line":31,"column":8},"end":{"line":41,"column":9}},"type":"if","locations":[{"start":{"line":31,"column":8},"end":{"line":41,"column":9}},{"start":{"line":38,"column":15},"end":{"line":41,"column":9}}],"line":31},"5":{"loc":{"start":{"line":37,"column":19},"end":{"line":37,"column":40}},"type":"binary-expr","locations":[{"start":{"line":37,"column":19},"end":{"line":37,"column":32}},{"start":{"line":37,"column":36},"end":{"line":37,"column":40}}],"line":37},"6":{"loc":{"start":{"line":46,"column":8},"end":{"line":48,"column":9}},"type":"if","locations":[{"start":{"line":46,"column":8},"end":{"line":48,"column":9}},{"start":{},"end":{}}],"line":46},"7":{"loc":{"start":{"line":56,"column":8},"end":{"line":66,"column":9}},"type":"if","locations":[{"start":{"line":56,"column":8},"end":{"line":66,"column":9}},{"start":{"line":63,"column":15},"end":{"line":66,"column":9}}],"line":56},"8":{"loc":{"start":{"line":62,"column":19},"end":{"line":62,"column":40}},"type":"binary-expr","locations":[{"start":{"line":62,"column":19},"end":{"line":62,"column":32}},{"start":{"line":62,"column":36},"end":{"line":62,"column":40}}],"line":62},"9":{"loc":{"start":{"line":72,"column":8},"end":{"line":74,"column":9}},"type":"if","locations":[{"start":{"line":72,"column":8},"end":{"line":74,"column":9}},{"start":{},"end":{}}],"line":72}},"s":{"0":1,"1":1,"2":1,"3":4,"4":4,"5":3,"6":3,"7":3,"8":0,"9":1,"10":1,"11":1,"12":1,"13":0,"14":3,"15":3,"16":2,"17":2,"18":2,"19":1,"20":1,"21":1,"22":1,"23":0,"24":3,"25":3,"26":2,"27":2,"28":2,"29":1,"30":1,"31":1,"32":1,"33":0},"f":{"0":4,"1":3,"2":3},"b":{"0":[3,1],"1":[3,0],"2":[3,3],"3":[1,0],"4":[2,1],"5":[2,0],"6":[1,0],"7":[2,1],"8":[2,0],"9":[1,0]},"inputSourceMap":null,"_coverageSchema":"1a1c01bbd47fc00a2c39e90264f33305004495a9","hash":"7316a997078690edc06167c379cafe6e406a6f67"}
,"/home/thefedeg/Dev/Teco/challenge_flow/src/utils/constants.js": {"path":"/home/thefedeg/Dev/Teco/challenge_flow/src/utils/constants.js","statementMap":{"0":{"start":{"line":1,"column":34},"end":{"line":10,"column":1}}},"fnMap":{},"branchMap":{},"s":{"0":1},"f":{},"b":{},"inputSourceMap":null,"_coverageSchema":"1a1c01bbd47fc00a2c39e90264f33305004495a9","hash":"f3a82b7804d2c6846c24b02dfe55d58f8c5856a0"}
,"/home/thefedeg/Dev/Teco/challenge_flow/src/utils/errors.js": {"path":"/home/thefedeg/Dev/Teco/challenge_flow/src/utils/errors.js","statementMap":{"0":{"start":{"line":5,"column":4},"end":{"line":5,"column":22}},"1":{"start":{"line":7,"column":4},"end":{"line":7,"column":53}},"2":{"start":{"line":8,"column":4},"end":{"line":8,"column":26}},"3":{"start":{"line":9,"column":4},"end":{"line":9,"column":32}},"4":{"start":{"line":10,"column":4},"end":{"line":10,"column":38}},"5":{"start":{"line":11,"column":4},"end":{"line":11,"column":33}},"6":{"start":{"line":22,"column":4},"end":{"line":22,"column":58}},"7":{"start":{"line":33,"column":4},"end":{"line":33,"column":58}}},"fnMap":{"0":{"name":"(anonymous_0)","decl":{"start":{"line":4,"column":4},"end":{"line":4,"column":5}},"loc":{"start":{"line":4,"column":66},"end":{"line":12,"column":5}},"line":4},"1":{"name":"(anonymous_1)","decl":{"start":{"line":16,"column":4},"end":{"line":16,"column":5}},"loc":{"start":{"line":21,"column":6},"end":{"line":23,"column":5}},"line":21},"2":{"name":"(anonymous_2)","decl":{"start":{"line":27,"column":4},"end":{"line":27,"column":5}},"loc":{"start":{"line":32,"column":6},"end":{"line":34,"column":5}},"line":32}},"branchMap":{"0":{"loc":{"start":{"line":18,"column":4},"end":{"line":18,"column":20}},"type":"default-arg","locations":[{"start":{"line":18,"column":17},"end":{"line":18,"column":20}}],"line":18},"1":{"loc":{"start":{"line":19,"column":4},"end":{"line":19,"column":41}},"type":"default-arg","locations":[{"start":{"line":19,"column":18},"end":{"line":19,"column":41}}],"line":19},"2":{"loc":{"start":{"line":20,"column":4},"end":{"line":20,"column":24}},"type":"default-arg","locations":[{"start":{"line":20,"column":20},"end":{"line":20,"column":24}}],"line":20},"3":{"loc":{"start":{"line":29,"column":4},"end":{"line":29,"column":20}},"type":"default-arg","locations":[{"start":{"line":29,"column":17},"end":{"line":29,"column":20}}],"line":29},"4":{"loc":{"start":{"line":30,"column":4},"end":{"line":30,"column":41}},"type":"default-arg","locations":[{"start":{"line":30,"column":18},"end":{"line":30,"column":41}}],"line":30},"5":{"loc":{"start":{"line":31,"column":4},"end":{"line":31,"column":24}},"type":"default-arg","locations":[{"start":{"line":31,"column":20},"end":{"line":31,"column":24}}],"line":31}},"s":{"0":3,"1":3,"2":3,"3":3,"4":3,"5":3,"6":3,"7":0},"f":{"0":3,"1":3,"2":0},"b":{"0":[3],"1":[3],"2":[3],"3":[0],"4":[0],"5":[0]},"inputSourceMap":null,"_coverageSchema":"1a1c01bbd47fc00a2c39e90264f33305004495a9","hash":"3bca441355a7ab4bb7d81131a9dc90c150c19f50"}
,"/home/thefedeg/Dev/Teco/challenge_flow/src/utils/request.js": {"path":"/home/thefedeg/Dev/Teco/challenge_flow/src/utils/request.js","statementMap":{"0":{"start":{"line":6,"column":19},"end":{"line":43,"column":1}},"1":{"start":{"line":8,"column":4},"end":{"line":42,"column":5}},"2":{"start":{"line":10,"column":25},"end":{"line":10,"column":41}},"3":{"start":{"line":11,"column":21},"end":{"line":11,"column":42}},"4":{"start":{"line":13,"column":8},"end":{"line":35,"column":9}},"5":{"start":{"line":16,"column":16},"end":{"line":19,"column":17}},"6":{"start":{"line":21,"column":16},"end":{"line":24,"column":17}},"7":{"start":{"line":26,"column":16},"end":{"line":29,"column":17}},"8":{"start":{"line":31,"column":16},"end":{"line":34,"column":17}},"9":{"start":{"line":39,"column":8},"end":{"line":39,"column":55}},"10":{"start":{"line":41,"column":8},"end":{"line":41,"column":59}}},"fnMap":{"0":{"name":"(anonymous_0)","decl":{"start":{"line":6,"column":19},"end":{"line":6,"column":20}},"loc":{"start":{"line":6,"column":34},"end":{"line":43,"column":1}},"line":6}},"branchMap":{"0":{"loc":{"start":{"line":13,"column":8},"end":{"line":35,"column":9}},"type":"switch","locations":[{"start":{"line":15,"column":12},"end":{"line":19,"column":17}},{"start":{"line":20,"column":12},"end":{"line":24,"column":17}},{"start":{"line":25,"column":12},"end":{"line":29,"column":17}},{"start":{"line":30,"column":12},"end":{"line":34,"column":17}}],"line":13}},"s":{"0":1,"1":7,"2":7,"3":7,"4":7,"5":7,"6":0,"7":0,"8":0,"9":0,"10":0},"f":{"0":7},"b":{"0":[7,0,0,0]},"inputSourceMap":null,"_coverageSchema":"1a1c01bbd47fc00a2c39e90264f33305004495a9","hash":"62c2442cbd3131c86cd1bfc12228b506aa08659b"}
}
