TN:
SF:src/services/location.js
FN:7,getLocationByIP
FN:29,getCurrentWeather
FN:53,get5daysForecast
FNF:3
FNH:3
FNDA:4,getLocationByIP
FNDA:3,getCurrentWeather
FNDA:3,get5daysForecast
DA:1,1
DA:2,1
DA:3,1
DA:8,4
DA:9,4
DA:10,3
DA:11,3
DA:13,3
DA:15,0
DA:18,1
DA:21,1
DA:22,1
DA:23,1
DA:25,0
DA:30,3
DA:31,3
DA:33,2
DA:35,2
DA:37,2
DA:40,1
DA:44,1
DA:46,1
DA:47,1
DA:49,0
DA:54,3
DA:56,3
DA:58,2
DA:60,2
DA:62,2
DA:65,1
DA:70,1
DA:72,1
DA:73,1
DA:76,0
LF:34
LH:30
BRDA:9,0,0,3
BRDA:9,0,1,1
BRDA:11,1,0,3
BRDA:11,1,1,0
BRDA:11,2,0,3
BRDA:11,2,1,3
BRDA:22,3,0,1
BRDA:22,3,1,0
BRDA:31,4,0,2
BRDA:31,4,1,1
BRDA:37,5,0,2
BRDA:37,5,1,0
BRDA:46,6,0,1
BRDA:46,6,1,0
BRDA:56,7,0,2
BRDA:56,7,1,1
BRDA:62,8,0,2
BRDA:62,8,1,0
BRDA:72,9,0,1
BRDA:72,9,1,0
BRF:20
BRH:14
end_of_record
TN:
SF:src/utils/constants.js
FNF:0
FNH:0
DA:1,1
LF:1
LH:1
BRF:0
BRH:0
end_of_record
TN:
SF:src/utils/errors.js
FN:4,(anonymous_0)
FN:16,(anonymous_1)
FN:27,(anonymous_2)
FNF:3
FNH:2
FNDA:3,(anonymous_0)
FNDA:3,(anonymous_1)
FNDA:0,(anonymous_2)
DA:5,3
DA:7,3
DA:8,3
DA:9,3
DA:10,3
DA:11,3
DA:22,3
DA:33,0
LF:8
LH:7
BRDA:18,0,0,3
BRDA:19,1,0,3
BRDA:20,2,0,3
BRDA:29,3,0,0
BRDA:30,4,0,0
BRDA:31,5,0,0
BRF:6
BRH:3
end_of_record
TN:
SF:src/utils/request.js
FN:6,(anonymous_0)
FNF:1
FNH:1
FNDA:7,(anonymous_0)
DA:6,1
DA:8,7
DA:10,7
DA:11,7
DA:13,7
DA:16,7
DA:21,0
DA:26,0
DA:31,0
DA:39,0
DA:41,0
LF:11
LH:6
BRDA:13,0,0,7
BRDA:13,0,1,0
BRDA:13,0,2,0
BRDA:13,0,3,0
BRF:4
BRH:1
end_of_record
